<?xml version="1.0" encoding="UTF-8"?>
<!-- Generated by org.testng.reporters.JUnitReportReporter -->
<testsuite hostname="DESKTOP-L4DGINJ" failures="0" tests="1" name="package_2_mainFunctanalities.OrderProductTest" time="16.758" errors="0" timestamp="2023-09-22T18:01:11 IST" skipped="0">
  <testcase classname="package_2_mainFunctanalities.OrderProductTest" name="runTest" time="16.758"/>
  <system-out/>
</testsuite> <!-- package_2_mainFunctanalities.OrderProductTest -->
