<?xml version="1.0" encoding="UTF-8"?>
<!-- Generated by org.testng.reporters.JUnitReportReporter -->
<testsuite hostname="DESKTOP-L4DGINJ" failures="0" tests="1" name="package_2_mainFunctanalities.CartPageValidation" time="19.289" errors="0" timestamp="2023-09-21T18:12:47 IST" skipped="0">
  <testcase classname="package_2_mainFunctanalities.CartPageValidation" name="currencyChooseValidation" time="19.289"/>
  <system-out/>
</testsuite> <!-- package_2_mainFunctanalities.CartPageValidation -->
