<?xml version="1.0" encoding="UTF-8"?>
<!-- Generated by org.testng.reporters.JUnitReportReporter -->
<testsuite hostname="DESKTOP-L4DGINJ" failures="0" tests="1" name="package_2_mainFunctanalities.AccountPageMenuTest" time="15.776" errors="0" timestamp="2023-09-23T16:46:47 IST" skipped="0">
  <testcase classname="package_2_mainFunctanalities.AccountPageMenuTest" name="runTest" time="15.776"/>
  <system-out/>
</testsuite> <!-- package_2_mainFunctanalities.AccountPageMenuTest -->
