<?xml version="1.0" encoding="UTF-8"?>
<!-- Generated by org.testng.reporters.JUnitReportReporter -->
<testsuite hostname="DESKTOP-L4DGINJ" failures="0" tests="1" name="package_3_POM_TestCases.LoginPageTest" time="0.000" errors="0" timestamp="2023-09-22T10:59:25 IST" skipped="1">
  <testcase classname="package_3_POM_TestCases.LoginPageTest" name="LoginTest" time="0.000">
    <skipped/>
  </testcase> <!-- LoginTest -->
  <system-out/>
</testsuite> <!-- package_3_POM_TestCases.LoginPageTest -->
