<?xml version="1.0" encoding="UTF-8"?>
<!-- Generated by org.testng.reporters.JUnitReportReporter -->
<testsuite hostname="DESKTOP-L4DGINJ" failures="0" tests="2" name="package_2_mainFunctanalities.HomePage" time="0.000" errors="0" timestamp="2023-09-22T10:59:25 IST" skipped="2">
  <testcase classname="package_2_mainFunctanalities.HomePage" name="mainMenu" time="0.000">
    <skipped/>
  </testcase> <!-- mainMenu -->
  <system-out/>
  <testcase classname="package_2_mainFunctanalities.HomePage" name="searchProduct" time="0.000">
    <skipped/>
  </testcase> <!-- searchProduct -->
  <system-out/>
</testsuite> <!-- package_2_mainFunctanalities.HomePage -->
