<?xml version="1.0" encoding="UTF-8"?>
<!-- Generated by org.testng.reporters.JUnitReportReporter -->
<testsuite hostname="DESKTOP-L4DGINJ" failures="0" tests="1" name="package_1_BasicPrograms.LoginLogoutUsingJOptionPaneTest" time="26.320" errors="0" timestamp="2023-09-25T14:00:16 IST" skipped="0">
  <testcase classname="package_1_BasicPrograms.LoginLogoutUsingJOptionPaneTest" name="runTest" time="26.320"/>
  <system-out/>
</testsuite> <!-- package_1_BasicPrograms.LoginLogoutUsingJOptionPaneTest -->
