<?xml version="1.0" encoding="UTF-8"?>
<!-- Generated by org.testng.reporters.JUnitReportReporter -->
<testsuite hostname="DESKTOP-L4DGINJ" failures="0" tests="3" name="package_4_Frameworks.DDTUsingTestNG" time="23.773" errors="0" timestamp="2023-09-25T15:20:29 IST" skipped="0">
  <testcase classname="package_4_Frameworks.DDTUsingTestNG" name="VerifyLogin" time="7.752"/>
  <system-out/>
  <testcase classname="package_4_Frameworks.DDTUsingTestNG" name="VerifyLogin" time="9.945"/>
  <system-out/>
  <testcase classname="package_4_Frameworks.DDTUsingTestNG" name="VerifyLogin" time="6.076"/>
  <system-out/>
</testsuite> <!-- package_4_Frameworks.DDTUsingTestNG -->
