<?xml version="1.0" encoding="UTF-8"?>
<!-- Generated by org.testng.reporters.JUnitReportReporter -->
<testsuite hostname="DESKTOP-L4DGINJ" failures="0" tests="1" name="package_1_BasicPrograms.LoginLogoutUsingJOptionPane" time="0.000" errors="0" timestamp="2023-09-22T10:55:40 IST" skipped="1">
  <testcase classname="package_1_BasicPrograms.LoginLogoutUsingJOptionPane" name="LoginLogout" time="0.000">
    <skipped/>
  </testcase> <!-- LoginLogout -->
  <system-out/>
</testsuite> <!-- package_1_BasicPrograms.LoginLogoutUsingJOptionPane -->
