<?xml version="1.0" encoding="UTF-8"?>
<!-- Generated by org.testng.reporters.JUnitReportReporter -->
<testsuite hostname="DESKTOP-L4DGINJ" failures="0" tests="1" name="mainPackageClass.MainClassProgram" time="0.013" errors="0" timestamp="2023-09-22T00:40:37 IST" skipped="0">
  <testcase classname="mainPackageClass.MainClassProgram" name="mainclass" time="0.013"/>
  <system-out/>
</testsuite> <!-- mainPackageClass.MainClassProgram -->
