<?xml version="1.0" encoding="UTF-8"?>
<!-- Generated by org.testng.reporters.JUnitReportReporter -->
<testsuite hostname="DESKTOP-L4DGINJ" failures="0" tests="1" name="package_1_BasicPrograms.Registration_Page" time="0.001" errors="0" timestamp="2023-09-22T10:55:40 IST" skipped="1">
  <testcase classname="package_1_BasicPrograms.Registration_Page" name="verifyCredentialswithlogin" time="0.001">
    <skipped/>
  </testcase> <!-- verifyCredentialswithlogin -->
  <system-out/>
</testsuite> <!-- package_1_BasicPrograms.Registration_Page -->
