<?xml version="1.0" encoding="UTF-8"?>
<!-- Generated by org.testng.reporters.JUnitReportReporter -->
<testsuite hostname="DESKTOP-L4DGINJ" failures="0" tests="2" name="package_2_mainFunctanalities.MainLogin" time="0.000" errors="0" timestamp="2023-09-22T10:59:25 IST" skipped="2">
  <testcase classname="package_2_mainFunctanalities.MainLogin" name="setUp" time="0.000">
    <skipped/>
  </testcase> <!-- setUp -->
  <system-out/>
  <testcase classname="package_2_mainFunctanalities.MainLogin" name="mainLoginpage" time="0.000">
    <skipped/>
  </testcase> <!-- mainLoginpage -->
  <system-out/>
</testsuite> <!-- package_2_mainFunctanalities.MainLogin -->
