<?xml version="1.0" encoding="UTF-8"?>
<!-- Generated by org.testng.reporters.JUnitReportReporter -->
<testsuite hostname="DESKTOP-L4DGINJ" failures="0" tests="1" name="package_1_BasicPrograms.RegistrationPageTest" time="20.447" errors="0" timestamp="2023-09-23T16:41:06 IST" skipped="0">
  <testcase classname="package_1_BasicPrograms.RegistrationPageTest" name="runTest" time="20.447"/>
  <system-out/>
</testsuite> <!-- package_1_BasicPrograms.RegistrationPageTest -->
