<?xml version="1.0" encoding="UTF-8"?>
<!-- Generated by org.testng.reporters.JUnitReportReporter -->
<testsuite hostname="DESKTOP-L4DGINJ" failures="0" tests="1" name="package_2_mainFunctanalities.CheckoutPageTest" time="0.000" errors="0" timestamp="2023-09-23T13:24:39 IST" skipped="1">
  <testcase classname="package_2_mainFunctanalities.CheckoutPageTest" name="runTest" time="0.000">
    <skipped/>
  </testcase> <!-- runTest -->
</testsuite> <!-- package_2_mainFunctanalities.CheckoutPageTest -->
