<?xml version="1.0" encoding="UTF-8"?>
<!-- Generated by org.testng.reporters.JUnitReportReporter -->
<testsuite hostname="DESKTOP-L4DGINJ" failures="0" tests="1" name="package_3_POM_TestCases.LoginPageTest" time="0.001" errors="0" timestamp="2023-09-23T13:24:39 IST" skipped="1">
  <testcase classname="package_3_POM_TestCases.LoginPageTest" name="LoginTest" time="0.001">
    <skipped/>
  </testcase> <!-- LoginTest -->
</testsuite> <!-- package_3_POM_TestCases.LoginPageTest -->
